<?xml version="1.0" encoding="UTF-8"?>
<testsuite name="com.shutl.controller.QuoteControllerFunctionalTest" tests="2" skipped="0" failures="0" errors="0" timestamp="2021-01-27T20:07:03" hostname="Meds" time="0.218">
  <properties/>
  <testcase name="testBasicService" classname="com.shutl.controller.QuoteControllerFunctionalTest" time="0.2"/>
  <testcase name="testVariablePricingByDistance" classname="com.shutl.controller.QuoteControllerFunctionalTest" time="0.015"/>
  <system-out><![CDATA[20:07:01.096 [Test worker] DEBUG o.s.t.c.j.SpringJUnit4ClassRunner - SpringJUnit4ClassRunner constructor called with [class com.shutl.controller.QuoteControllerFunctionalTest]
20:07:01.104 [Test worker] DEBUG o.s.test.context.BootstrapUtils - Instantiating CacheAwareContextLoaderDelegate from class [org.springframework.test.context.cache.DefaultCacheAwareContextLoaderDelegate]
20:07:01.108 [Test worker] DEBUG o.s.test.context.BootstrapUtils - Instantiating BootstrapContext using constructor [public org.springframework.test.context.support.DefaultBootstrapContext(java.lang.Class,org.springframework.test.context.CacheAwareContextLoaderDelegate)]
20:07:01.119 [Test worker] DEBUG o.s.test.context.BootstrapUtils - Instantiating TestContextBootstrapper for test class [com.shutl.controller.QuoteControllerFunctionalTest] from class [org.springframework.test.context.web.WebTestContextBootstrapper]
20:07:01.140 [Test worker] DEBUG o.s.t.c.w.WebTestContextBootstrapper - Found explicit ContextLoader class [org.springframework.boot.test.SpringApplicationContextLoader] for context configuration attributes [ContextConfigurationAttributes@4ba590d0 declaringClass = 'com.shutl.controller.QuoteControllerFunctionalTest', classes = '{class com.shutl.Application}', locations = '{}', inheritLocations = true, initializers = '{}', inheritInitializers = true, name = [null], contextLoaderClass = 'org.springframework.boot.test.SpringApplicationContextLoader']
20:07:01.144 [Test worker] DEBUG o.s.t.c.s.AbstractContextLoader - Did not detect default resource location for test class [com.shutl.controller.QuoteControllerFunctionalTest]: class path resource [com/shutl/controller/QuoteControllerFunctionalTest-context.xml] does not exist
20:07:01.144 [Test worker] DEBUG o.s.t.c.s.AbstractContextLoader - Did not detect default resource location for test class [com.shutl.controller.QuoteControllerFunctionalTest]: class path resource [com/shutl/controller/QuoteControllerFunctionalTestContext.groovy] does not exist
20:07:01.145 [Test worker] INFO  o.s.t.c.s.AbstractContextLoader - Could not detect default resource locations for test class [com.shutl.controller.QuoteControllerFunctionalTest]: no resource found for suffixes {-context.xml, Context.groovy}.
20:07:01.147 [Test worker] DEBUG o.s.t.c.support.ActiveProfilesUtils - Could not find an 'annotation declaring class' for annotation type [org.springframework.test.context.ActiveProfiles] and class [com.shutl.controller.QuoteControllerFunctionalTest]
20:07:01.150 [Test worker] DEBUG o.s.t.c.w.WebTestContextBootstrapper - @TestExecutionListeners is not present for class [com.shutl.controller.QuoteControllerFunctionalTest]: using defaults.
20:07:01.157 [Test worker] INFO  o.s.t.c.w.WebTestContextBootstrapper - Loaded default TestExecutionListener class names from location [META-INF/spring.factories]: [org.springframework.test.context.web.ServletTestExecutionListener, org.springframework.test.context.support.DirtiesContextBeforeModesTestExecutionListener, org.springframework.test.context.support.DependencyInjectionTestExecutionListener, org.springframework.test.context.support.DirtiesContextTestExecutionListener, org.springframework.test.context.transaction.TransactionalTestExecutionListener, org.springframework.test.context.jdbc.SqlScriptsTestExecutionListener]
20:07:01.161 [Test worker] INFO  o.s.t.c.w.WebTestContextBootstrapper - Could not instantiate TestExecutionListener [org.springframework.test.context.transaction.TransactionalTestExecutionListener]. Specify custom listener classes or make the default listener classes (and their required dependencies) available. Offending class: [org/springframework/transaction/TransactionDefinition]
20:07:01.164 [Test worker] INFO  o.s.t.c.w.WebTestContextBootstrapper - Could not instantiate TestExecutionListener [org.springframework.test.context.jdbc.SqlScriptsTestExecutionListener]. Specify custom listener classes or make the default listener classes (and their required dependencies) available. Offending class: [org/springframework/transaction/interceptor/TransactionAttribute]
20:07:01.166 [Test worker] INFO  o.s.t.c.w.WebTestContextBootstrapper - Using TestExecutionListeners: [org.springframework.test.context.web.ServletTestExecutionListener@6a4a30cf, org.springframework.test.context.support.DirtiesContextBeforeModesTestExecutionListener@44066f03, org.springframework.test.context.support.DependencyInjectionTestExecutionListener@74bfbb4f, org.springframework.test.context.support.DirtiesContextTestExecutionListener@55b6ed21]
20:07:01.170 [Test worker] DEBUG o.s.t.annotation.ProfileValueUtils - Retrieved @ProfileValueSourceConfiguration [null] for test class [com.shutl.controller.QuoteControllerFunctionalTest]
20:07:01.170 [Test worker] DEBUG o.s.t.annotation.ProfileValueUtils - Retrieved ProfileValueSource type [class org.springframework.test.annotation.SystemProfileValueSource] for class [com.shutl.controller.QuoteControllerFunctionalTest]
20:07:01.172 [Test worker] DEBUG o.s.t.annotation.ProfileValueUtils - Retrieved @ProfileValueSourceConfiguration [null] for test class [com.shutl.controller.QuoteControllerFunctionalTest]
20:07:01.172 [Test worker] DEBUG o.s.t.annotation.ProfileValueUtils - Retrieved ProfileValueSource type [class org.springframework.test.annotation.SystemProfileValueSource] for class [com.shutl.controller.QuoteControllerFunctionalTest]
20:07:01.175 [Test worker] DEBUG o.s.t.c.s.AbstractDirtiesContextTestExecutionListener - Before test class: context [DefaultTestContext@25c8d4c2 testClass = QuoteControllerFunctionalTest, testInstance = [null], testMethod = [null], testException = [null], mergedContextConfiguration = [WebMergedContextConfiguration@4971166d testClass = QuoteControllerFunctionalTest, locations = '{}', classes = '{class com.shutl.Application}', contextInitializerClasses = '[]', activeProfiles = '{}', propertySourceLocations = '{}', propertySourceProperties = '{}', resourceBasePath = 'src/main/webapp', contextLoader = 'org.springframework.boot.test.SpringApplicationContextLoader', parent = [null]]], class annotated with @DirtiesContext [false] with mode [null].
20:07:01.176 [Test worker] DEBUG o.s.t.annotation.ProfileValueUtils - Retrieved @ProfileValueSourceConfiguration [null] for test class [com.shutl.controller.QuoteControllerFunctionalTest]
20:07:01.176 [Test worker] DEBUG o.s.t.annotation.ProfileValueUtils - Retrieved ProfileValueSource type [class org.springframework.test.annotation.SystemProfileValueSource] for class [com.shutl.controller.QuoteControllerFunctionalTest]
20:07:01.344 [Test worker] DEBUG o.s.core.env.StandardEnvironment - Adding [systemProperties] PropertySource with lowest search precedence
20:07:01.346 [Test worker] DEBUG o.s.core.env.StandardEnvironment - Adding [systemEnvironment] PropertySource with lowest search precedence
20:07:01.347 [Test worker] DEBUG o.s.core.env.StandardEnvironment - Initialized StandardEnvironment with PropertySources [systemProperties,systemEnvironment]
20:07:01.348 [Test worker] DEBUG o.s.core.env.StandardEnvironment - Adding [integrationTest] PropertySource with search precedence immediately lower than [systemEnvironment]

  .   ____          _            __ _ _
 /\\ / ___'_ __ _ _(_)_ __  __ _ \ \ \ \
( ( )\___ | '_ | '_| | '_ \/ _` | \ \ \ \
 \\/  ___)| |_)| | | | | || (_| |  ) ) ) )
  '  |____| .__|_| |_|_| |_\__, | / / / /
 =========|_|==============|___/=/_/_/_/
 :: Spring Boot ::        (v1.3.3.RELEASE)

2021-01-27 20:07:01.546  INFO 13062 --- [    Test worker] c.s.c.QuoteControllerFunctionalTest      : Starting QuoteControllerFunctionalTest on Meds with PID 13062 (/home/mehdi/Documents/ebay/take_home_exercise_intern-main/build/classes/java/test started by mehdi in /home/mehdi/Documents/ebay/take_home_exercise_intern-main)
2021-01-27 20:07:01.547  INFO 13062 --- [    Test worker] c.s.c.QuoteControllerFunctionalTest      : No active profile set, falling back to default profiles: default
2021-01-27 20:07:01.601  INFO 13062 --- [    Test worker] o.s.w.c.s.GenericWebApplicationContext   : Refreshing org.springframework.web.context.support.GenericWebApplicationContext@3ab074cb: startup date [Wed Jan 27 20:07:01 GMT 2021]; root of context hierarchy
2021-01-27 20:07:02.182  INFO 13062 --- [    Test worker] o.s.b.f.s.DefaultListableBeanFactory     : Overriding bean definition for bean 'beanNameViewResolver' with a different definition: replacing [Root bean: class [null]; scope=; abstract=false; lazyInit=false; autowireMode=3; dependencyCheck=0; autowireCandidate=true; primary=false; factoryBeanName=org.springframework.boot.autoconfigure.web.ErrorMvcAutoConfiguration$WhitelabelErrorViewConfiguration; factoryMethodName=beanNameViewResolver; initMethodName=null; destroyMethodName=(inferred); defined in class path resource [org/springframework/boot/autoconfigure/web/ErrorMvcAutoConfiguration$WhitelabelErrorViewConfiguration.class]] with [Root bean: class [null]; scope=; abstract=false; lazyInit=false; autowireMode=3; dependencyCheck=0; autowireCandidate=true; primary=false; factoryBeanName=org.springframework.boot.autoconfigure.web.WebMvcAutoConfiguration$WebMvcAutoConfigurationAdapter; factoryMethodName=beanNameViewResolver; initMethodName=null; destroyMethodName=(inferred); defined in class path resource [org/springframework/boot/autoconfigure/web/WebMvcAutoConfiguration$WebMvcAutoConfigurationAdapter.class]]
2021-01-27 20:07:03.016  INFO 13062 --- [    Test worker] s.w.s.m.m.a.RequestMappingHandlerAdapter : Looking for @ControllerAdvice: org.springframework.web.context.support.GenericWebApplicationContext@3ab074cb: startup date [Wed Jan 27 20:07:01 GMT 2021]; root of context hierarchy
2021-01-27 20:07:03.083  INFO 13062 --- [    Test worker] s.w.s.m.m.a.RequestMappingHandlerMapping : Mapped "{[/quote],methods=[POST]}" onto public com.shutl.model.Quote com.shutl.controller.QuoteController.quote(com.shutl.model.Quote)
2021-01-27 20:07:03.087  INFO 13062 --- [    Test worker] s.w.s.m.m.a.RequestMappingHandlerMapping : Mapped "{[/error],produces=[text/html]}" onto public org.springframework.web.servlet.ModelAndView org.springframework.boot.autoconfigure.web.BasicErrorController.errorHtml(javax.servlet.http.HttpServletRequest,javax.servlet.http.HttpServletResponse)
2021-01-27 20:07:03.089  INFO 13062 --- [    Test worker] s.w.s.m.m.a.RequestMappingHandlerMapping : Mapped "{[/error]}" onto public org.springframework.http.ResponseEntity<java.util.Map<java.lang.String, java.lang.Object>> org.springframework.boot.autoconfigure.web.BasicErrorController.error(javax.servlet.http.HttpServletRequest)
2021-01-27 20:07:03.119  INFO 13062 --- [    Test worker] o.s.w.s.handler.SimpleUrlHandlerMapping  : Mapped URL path [/webjars/**] onto handler of type [class org.springframework.web.servlet.resource.ResourceHttpRequestHandler]
2021-01-27 20:07:03.121  INFO 13062 --- [    Test worker] o.s.w.s.handler.SimpleUrlHandlerMapping  : Mapped URL path [/**] onto handler of type [class org.springframework.web.servlet.resource.ResourceHttpRequestHandler]
2021-01-27 20:07:03.171  INFO 13062 --- [    Test worker] o.s.w.s.handler.SimpleUrlHandlerMapping  : Mapped URL path [/**/favicon.ico] onto handler of type [class org.springframework.web.servlet.resource.ResourceHttpRequestHandler]
2021-01-27 20:07:03.322  INFO 13062 --- [    Test worker] c.s.c.QuoteControllerFunctionalTest      : Started QuoteControllerFunctionalTest in 1.968 seconds (JVM running for 2.767)
2021-01-27 20:07:03.358  INFO 13062 --- [    Test worker] o.s.b.test.SpringBootMockServletContext  : Initializing Spring FrameworkServlet ''
2021-01-27 20:07:03.359  INFO 13062 --- [    Test worker] o.s.t.web.servlet.TestDispatcherServlet  : FrameworkServlet '': initialization started
2021-01-27 20:07:03.381  INFO 13062 --- [    Test worker] o.s.t.web.servlet.TestDispatcherServlet  : FrameworkServlet '': initialization completed in 22 ms
2021-01-27 20:07:03.542  INFO 13062 --- [    Test worker] o.s.b.test.SpringBootMockServletContext  : Initializing Spring FrameworkServlet ''
2021-01-27 20:07:03.542  INFO 13062 --- [    Test worker] o.s.t.web.servlet.TestDispatcherServlet  : FrameworkServlet '': initialization started
2021-01-27 20:07:03.545  INFO 13062 --- [    Test worker] o.s.t.web.servlet.TestDispatcherServlet  : FrameworkServlet '': initialization completed in 2 ms
]]></system-out>
  <system-err><![CDATA[]]></system-err>
</testsuite>
